<?xml version="1.0" encoding="UTF-8"?>
<testsuite xmlns:xsi="http://www.w3.org/2001/XMLSchema-instance" xsi:noNamespaceSchemaLocation="https://maven.apache.org/surefire/maven-surefire-plugin/xsd/surefire-test-report-3.0.xsd" version="3.0" name="com.createainstyle.ainstyle_backend.AinStyleBackendApplicationTests" time="6.293" tests="1" errors="0" skipped="0" failures="0">
  <properties>
[...]
</properties>
  <testcase name="contextLoads" classname="com.createainstyle.ainstyle_backend.AinStyleBackendApplicationTests" time="0.385">
    <system-out><![CDATA[06:27:45.570 [main] INFO org.springframework.test.context.support.AnnotationConfigContextLoaderUtils -- Could not detect default configuration classes for test class [com.createainstyle.ainstyle_backend.AinStyleBackendApplicationTests]: AinStyleBackendApplicationTests does not declare any static, non-private, non-final, nested classes annotated with @Configuration.
06:27:45.696 [main] INFO org.springframework.boot.test.context.SpringBootTestContextBootstrapper -- Found @SpringBootConfiguration com.createainstyle.ainstyle_backend.AinStyleBackendApplication for test class com.createainstyle.ainstyle_backend.AinStyleBackendApplicationTests
  .   ____          _            __ _ _
 /\\ / ___'_ __ _ _(_)_ __  __ _ \ \ \ \
( ( )\___ | '_ | '_| | '_ \/ _` | \ \ \ \
 \\/  ___)| |_)| | | | | || (_| |  ) ) ) )
  '  |____| .__|_| |_|_| |_\__, | / / / /
 =========|_|==============|___/=/_/_/_/

 :: Spring Boot ::                (v3.3.0)

2024-06-01T06:27:46.114+09:00  INFO 15380 --- [AinStyle Backend] [           main] c.c.a.AinStyleBackendApplicationTests    : Starting AinStyleBackendApplicationTests using Java 19 with PID 15380 (started by stjdn in C:\Users\stjdn\OneDrive\바탕 화면\AinStyle Backend)
2024-06-01T06:27:46.115+09:00  INFO 15380 --- [AinStyle Backend] [           main] c.c.a.AinStyleBackendApplicationTests    : No active profile set, falling back to 1 default profile: "default"
2024-06-01T06:27:47.201+09:00  INFO 15380 --- [AinStyle Backend] [           main] .s.d.r.c.RepositoryConfigurationDelegate : Bootstrapping Spring Data JPA repositories in DEFAULT mode.
2024-06-01T06:27:47.286+09:00  INFO 15380 --- [AinStyle Backend] [           main] .s.d.r.c.RepositoryConfigurationDelegate : Finished Spring Data repository scanning in 58 ms. Found 1 JPA repository interface.
2024-06-01T06:27:47.964+09:00  INFO 15380 --- [AinStyle Backend] [           main] o.hibernate.jpa.internal.util.LogHelper  : HHH000204: Processing PersistenceUnitInfo [name: default]
2024-06-01T06:27:48.058+09:00  INFO 15380 --- [AinStyle Backend] [           main] org.hibernate.Version                    : HHH000412: Hibernate ORM core version 6.5.2.Final
2024-06-01T06:27:48.097+09:00  INFO 15380 --- [AinStyle Backend] [           main] o.h.c.internal.RegionFactoryInitiator    : HHH000026: Second-level cache disabled
2024-06-01T06:27:48.515+09:00  INFO 15380 --- [AinStyle Backend] [           main] o.s.o.j.p.SpringPersistenceUnitInfo      : No LoadTimeWeaver setup: ignoring JPA class transformer
2024-06-01T06:27:48.551+09:00  INFO 15380 --- [AinStyle Backend] [           main] com.zaxxer.hikari.HikariDataSource       : HikariPool-1 - Starting...
2024-06-01T06:27:48.893+09:00  INFO 15380 --- [AinStyle Backend] [           main] com.zaxxer.hikari.pool.HikariPool        : HikariPool-1 - Added connection com.mysql.cj.jdbc.ConnectionImpl@44aed6a4
2024-06-01T06:27:48.894+09:00  INFO 15380 --- [AinStyle Backend] [           main] com.zaxxer.hikari.HikariDataSource       : HikariPool-1 - Start completed.
2024-06-01T06:27:48.949+09:00  WARN 15380 --- [AinStyle Backend] [           main] org.hibernate.orm.deprecation            : HHH90000025: MySQLDialect does not need to be specified explicitly using 'hibernate.dialect' (remove the property setting and it will be selected by default)
2024-06-01T06:27:49.993+09:00  INFO 15380 --- [AinStyle Backend] [           main] o.h.e.t.j.p.i.JtaPlatformInitiator       : HHH000489: No JTA platform available (set 'hibernate.transaction.jta.platform' to enable JTA platform integration)
2024-06-01T06:27:50.046+09:00  INFO 15380 --- [AinStyle Backend] [           main] j.LocalContainerEntityManagerFactoryBean : Initialized JPA EntityManagerFactory for persistence unit 'default'
2024-06-01T06:27:50.460+09:00  WARN 15380 --- [AinStyle Backend] [           main] JpaBaseConfiguration$JpaWebConfiguration : spring.jpa.open-in-view is enabled by default. Therefore, database queries may be performed during view rendering. Explicitly configure spring.jpa.open-in-view to disable this warning
2024-06-01T06:27:51.263+09:00  INFO 15380 --- [AinStyle Backend] [           main] c.c.a.AinStyleBackendApplicationTests    : Started AinStyleBackendApplicationTests in 5.407 seconds (process running for 6.469)
]]></system-out>
  </testcase>
</testsuite>